mode: atomic
server-management-service/internal/modules/server_management/service/import_export.go:22.101,23.34 1 10
server-management-service/internal/modules/server_management/service/import_export.go:23.34,25.3 1 1
server-management-service/internal/modules/server_management/service/import_export.go:27.2,28.16 2 9
server-management-service/internal/modules/server_management/service/import_export.go:28.16,30.3 1 1
server-management-service/internal/modules/server_management/service/import_export.go:31.2,34.21 3 8
server-management-service/internal/modules/server_management/service/import_export.go:34.21,36.3 1 0
server-management-service/internal/modules/server_management/service/import_export.go:38.2,39.16 2 8
server-management-service/internal/modules/server_management/service/import_export.go:39.16,41.3 1 0
server-management-service/internal/modules/server_management/service/import_export.go:44.2,44.18 1 8
server-management-service/internal/modules/server_management/service/import_export.go:44.18,46.3 1 2
server-management-service/internal/modules/server_management/service/import_export.go:47.2,50.27 3 6
server-management-service/internal/modules/server_management/service/import_export.go:50.27,52.17 2 12
server-management-service/internal/modules/server_management/service/import_export.go:53.30,54.15 1 5
server-management-service/internal/modules/server_management/service/import_export.go:55.21,56.13 1 5
server-management-service/internal/modules/server_management/service/import_export.go:60.2,60.34 1 6
server-management-service/internal/modules/server_management/service/import_export.go:60.34,62.3 1 1
server-management-service/internal/modules/server_management/service/import_export.go:64.2,67.31 3 5
server-management-service/internal/modules/server_management/service/import_export.go:67.31,68.22 1 5
server-management-service/internal/modules/server_management/service/import_export.go:68.22,70.4 1 0
server-management-service/internal/modules/server_management/service/import_export.go:72.3,74.29 3 5
server-management-service/internal/modules/server_management/service/import_export.go:74.29,77.4 2 7
server-management-service/internal/modules/server_management/service/import_export.go:79.3,80.17 2 5
server-management-service/internal/modules/server_management/service/import_export.go:80.17,82.4 1 0
server-management-service/internal/modules/server_management/service/import_export.go:84.3,86.38 3 5
server-management-service/internal/modules/server_management/service/import_export.go:86.38,89.4 2 2
server-management-service/internal/modules/server_management/service/import_export.go:91.3,92.29 2 5
server-management-service/internal/modules/server_management/service/import_export.go:92.29,93.66 1 7
server-management-service/internal/modules/server_management/service/import_export.go:93.66,96.5 2 2
server-management-service/internal/modules/server_management/service/import_export.go:96.10,104.5 5 5
server-management-service/internal/modules/server_management/service/import_export.go:107.3,107.28 1 5
server-management-service/internal/modules/server_management/service/import_export.go:107.28,108.64 1 4
server-management-service/internal/modules/server_management/service/import_export.go:108.64,110.5 1 0
server-management-service/internal/modules/server_management/service/import_export.go:113.4,113.22 1 4
server-management-service/internal/modules/server_management/service/import_export.go:113.22,115.38 2 0
server-management-service/internal/modules/server_management/service/import_export.go:115.38,122.6 1 0
server-management-service/internal/modules/server_management/service/import_export.go:123.5,123.45 1 0
server-management-service/internal/modules/server_management/service/import_export.go:127.3,128.13 2 5
server-management-service/internal/modules/server_management/service/import_export.go:131.2,131.18 1 5
server-management-service/internal/modules/server_management/service/import_export.go:131.18,135.26 3 7
server-management-service/internal/modules/server_management/service/import_export.go:135.26,137.4 1 7
server-management-service/internal/modules/server_management/service/import_export.go:138.3,138.24 1 7
server-management-service/internal/modules/server_management/service/import_export.go:138.24,140.4 1 7
server-management-service/internal/modules/server_management/service/import_export.go:142.3,142.31 1 7
server-management-service/internal/modules/server_management/service/import_export.go:142.31,143.12 1 0
server-management-service/internal/modules/server_management/service/import_export.go:147.3,148.82 2 7
server-management-service/internal/modules/server_management/service/import_export.go:148.82,151.12 3 0
server-management-service/internal/modules/server_management/service/import_export.go:154.3,160.30 2 7
server-management-service/internal/modules/server_management/service/import_export.go:160.30,161.41 1 0
server-management-service/internal/modules/server_management/service/import_export.go:161.41,163.5 1 0
server-management-service/internal/modules/server_management/service/import_export.go:168.2,168.39 1 5
server-management-service/internal/modules/server_management/service/import_export.go:168.39,170.3 1 0
server-management-service/internal/modules/server_management/service/import_export.go:172.2,172.20 1 5
server-management-service/internal/modules/server_management/service/import_export.go:175.120,178.16 2 3
server-management-service/internal/modules/server_management/service/import_export.go:178.16,180.3 1 1
server-management-service/internal/modules/server_management/service/import_export.go:183.2,187.16 4 2
server-management-service/internal/modules/server_management/service/import_export.go:187.16,189.3 1 0
server-management-service/internal/modules/server_management/service/import_export.go:192.2,193.49 2 2
server-management-service/internal/modules/server_management/service/import_export.go:193.49,195.3 1 0
server-management-service/internal/modules/server_management/service/import_export.go:198.2,198.30 1 2
server-management-service/internal/modules/server_management/service/import_export.go:198.30,210.46 4 1
server-management-service/internal/modules/server_management/service/import_export.go:210.46,212.4 1 0
server-management-service/internal/modules/server_management/service/import_export.go:215.2,215.35 1 2
server-management-service/internal/modules/server_management/service/import_export.go:215.35,217.3 1 0
server-management-service/internal/modules/server_management/service/import_export.go:219.2,220.38 2 2
server-management-service/internal/modules/server_management/service/import_export.go:220.38,222.3 1 0
server-management-service/internal/modules/server_management/service/import_export.go:224.2,225.35 2 2
server-management-service/internal/modules/server_management/service/server_service.go:50.97,55.2 1 27
server-management-service/internal/modules/server_management/service/server_service.go:57.108,59.16 2 4
server-management-service/internal/modules/server_management/service/server_service.go:59.16,61.3 1 0
server-management-service/internal/modules/server_management/service/server_service.go:62.2,62.25 1 4
server-management-service/internal/modules/server_management/service/server_service.go:62.25,64.3 1 1
server-management-service/internal/modules/server_management/service/server_service.go:66.2,67.16 2 3
server-management-service/internal/modules/server_management/service/server_service.go:67.16,69.3 1 0
server-management-service/internal/modules/server_management/service/server_service.go:70.2,70.23 1 3
server-management-service/internal/modules/server_management/service/server_service.go:70.23,72.3 1 1
server-management-service/internal/modules/server_management/service/server_service.go:74.2,80.16 3 2
server-management-service/internal/modules/server_management/service/server_service.go:80.16,82.3 1 1
server-management-service/internal/modules/server_management/service/server_service.go:85.2,85.20 1 1
server-management-service/internal/modules/server_management/service/server_service.go:85.20,87.3 1 0
server-management-service/internal/modules/server_management/service/server_service.go:89.2,89.20 1 1
server-management-service/internal/modules/server_management/service/server_service.go:92.119,94.16 2 4
server-management-service/internal/modules/server_management/service/server_service.go:94.16,95.45 1 1
server-management-service/internal/modules/server_management/service/server_service.go:95.45,97.4 1 1
server-management-service/internal/modules/server_management/service/server_service.go:98.3,98.18 1 0
server-management-service/internal/modules/server_management/service/server_service.go:100.2,100.19 1 3
server-management-service/internal/modules/server_management/service/server_service.go:100.19,102.3 1 0
server-management-service/internal/modules/server_management/service/server_service.go:104.2,104.43 1 3
server-management-service/internal/modules/server_management/service/server_service.go:104.43,106.17 2 3
server-management-service/internal/modules/server_management/service/server_service.go:106.17,108.4 1 0
server-management-service/internal/modules/server_management/service/server_service.go:109.3,109.57 1 3
server-management-service/internal/modules/server_management/service/server_service.go:109.57,111.4 1 1
server-management-service/internal/modules/server_management/service/server_service.go:112.3,112.39 1 2
server-management-service/internal/modules/server_management/service/server_service.go:115.2,115.31 1 2
server-management-service/internal/modules/server_management/service/server_service.go:115.31,117.17 2 2
server-management-service/internal/modules/server_management/service/server_service.go:117.17,119.4 1 0
server-management-service/internal/modules/server_management/service/server_service.go:120.3,120.53 1 2
server-management-service/internal/modules/server_management/service/server_service.go:120.53,122.4 1 1
server-management-service/internal/modules/server_management/service/server_service.go:123.3,123.27 1 1
server-management-service/internal/modules/server_management/service/server_service.go:126.2,127.16 2 1
server-management-service/internal/modules/server_management/service/server_service.go:127.16,129.3 1 0
server-management-service/internal/modules/server_management/service/server_service.go:132.2,132.20 1 1
server-management-service/internal/modules/server_management/service/server_service.go:132.20,134.3 1 0
server-management-service/internal/modules/server_management/service/server_service.go:136.2,136.20 1 1
server-management-service/internal/modules/server_management/service/server_service.go:139.76,141.16 2 3
server-management-service/internal/modules/server_management/service/server_service.go:141.16,142.45 1 1
server-management-service/internal/modules/server_management/service/server_service.go:142.45,144.4 1 1
server-management-service/internal/modules/server_management/service/server_service.go:145.3,145.13 1 0
server-management-service/internal/modules/server_management/service/server_service.go:147.2,147.19 1 2
server-management-service/internal/modules/server_management/service/server_service.go:147.19,149.3 1 0
server-management-service/internal/modules/server_management/service/server_service.go:151.2,152.16 2 2
server-management-service/internal/modules/server_management/service/server_service.go:152.16,153.45 1 1
server-management-service/internal/modules/server_management/service/server_service.go:153.45,155.4 1 0
server-management-service/internal/modules/server_management/service/server_service.go:156.3,156.13 1 1
server-management-service/internal/modules/server_management/service/server_service.go:160.2,160.20 1 1
server-management-service/internal/modules/server_management/service/server_service.go:160.20,162.3 1 0
server-management-service/internal/modules/server_management/service/server_service.go:164.2,164.12 1 1
server-management-service/internal/modules/server_management/service/server_service.go:167.129,168.21 1 3
server-management-service/internal/modules/server_management/service/server_service.go:168.21,170.3 1 0
server-management-service/internal/modules/server_management/service/server_service.go:171.2,171.50 1 3
server-management-service/internal/modules/server_management/service/server_service.go:171.50,173.3 1 0
server-management-service/internal/modules/server_management/service/server_service.go:175.2,175.74 1 3
server-management-service/internal/modules/server_management/service/server_service.go:175.74,177.3 1 0
server-management-service/internal/modules/server_management/service/server_service.go:179.2,179.35 1 3
